<?xml version="1.0" encoding="UTF-8"?>
<!-- Generated by org.testng.reporters.JUnitReportReporter -->
<testsuite skipped="0" hostname="ThinkPad-PC" name="co.rchive.test.spec.verifyemails.VerifyConRequestEmailTest" tests="1" failures="0" timestamp="28 Jun 2017 06:46:42 GMT" time="15.730" errors="0">
  <testcase name="verifyEmailForConRequest" time="15.730" classname="co.rchive.test.spec.verifyemails.VerifyConRequestEmailTest"/>
</testsuite> <!-- co.rchive.test.spec.verifyemails.VerifyConRequestEmailTest -->
