<?xml version="1.0" encoding="UTF-8"?>
<!-- Generated by org.testng.reporters.JUnitReportReporter -->
<testsuite skipped="0" hostname="ThinkPad-PC" name="co.rchive.test.spec.adminpage.AdminLoginTest" tests="1" failures="0" timestamp="07 Jun 2017 09:24:26 GMT" time="48.370" errors="0">
  <testcase name="adminLoginTest" time="48.370" classname="co.rchive.test.spec.adminpage.AdminLoginTest"/>
</testsuite> <!-- co.rchive.test.spec.adminpage.AdminLoginTest -->
