<?xml version="1.0" encoding="UTF-8"?>
<!-- Generated by org.testng.reporters.JUnitReportReporter -->
<testsuite skipped="0" hostname="ThinkPad-PC" name="co.rchive.test.spec.adminpage.DeleteWritersTest" tests="1" failures="0" timestamp="07 Jun 2017 09:36:26 GMT" time="90.379" errors="0">
  <testcase name="delWriterTest" time="90.379" classname="co.rchive.test.spec.adminpage.DeleteWritersTest"/>
</testsuite> <!-- co.rchive.test.spec.adminpage.DeleteWritersTest -->
