<?xml version="1.0" encoding="UTF-8"?>
<!-- Generated by org.testng.reporters.JUnitReportReporter -->
<testsuite skipped="0" hostname="ThinkPad-PC" name="co.rchive.test.spec.beforelogin.SignUpTest" tests="1" failures="0" timestamp="23 Jun 2017 05:21:19 GMT" time="9.830" errors="0">
  <testcase name="SignUpWithEmail" time="9.830" classname="co.rchive.test.spec.beforelogin.SignUpTest"/>
</testsuite> <!-- co.rchive.test.spec.beforelogin.SignUpTest -->
