<?xml version="1.0" encoding="UTF-8"?>
<!-- Generated by org.testng.reporters.JUnitReportReporter -->
<testsuite name="co.rchive.test.spec.activitylog.SharedScreenplayActivityTest" tests="1" time="10.189" ignored="0" failures="0" timestamp="22 Mar 2017 04:49:54 GMT" skipped="0" hostname="ThinkPad-PC" errors="0">
  <testcase name="sharedScreenTest" time="10.189" classname="co.rchive.test.spec.activitylog.SharedScreenplayActivityTest"/>
</testsuite> <!-- co.rchive.test.spec.activitylog.SharedScreenplayActivityTest -->
