<?xml version="1.0" encoding="UTF-8"?>
<!-- Generated by org.testng.reporters.JUnitReportReporter -->
<testsuite skipped="0" hostname="ThinkPad-PC" name="co.rchive.test.spec.verifyemails.VerifyConShareEmailTest" tests="1" failures="0" timestamp="28 Jun 2017 06:48:14 GMT" time="16.493" errors="0">
  <testcase name="verifyEmailForConShare" time="16.493" classname="co.rchive.test.spec.verifyemails.VerifyConShareEmailTest"/>
</testsuite> <!-- co.rchive.test.spec.verifyemails.VerifyConShareEmailTest -->
