<?xml version="1.0" encoding="UTF-8"?>
<!-- Generated by org.testng.reporters.JUnitReportReporter -->
<testsuite skipped="0" hostname="ThinkPad-PC" name="co.rchive.test.spec.uploadscreenplay.UploadSidTest" tests="1" failures="0" timestamp="23 Jun 2017 11:09:05 GMT" time="33.602" errors="0">
  <testcase name="uploadSid" time="33.602" classname="co.rchive.test.spec.uploadscreenplay.UploadSidTest"/>
</testsuite> <!-- co.rchive.test.spec.uploadscreenplay.UploadSidTest -->
