<?xml version="1.0" encoding="UTF-8"?>
<!-- Generated by org.testng.reporters.JUnitReportReporter -->
<testsuite hostname="ThinkPad-PC" name="co.rchive.test.spec.adminpage.AdminLoginTest" tests="1" failures="0" timestamp="15 Jun 2017 10:24:41 GMT" time="45.120" errors="0">
  <testcase name="adminLoginTest" time="45.120" classname="co.rchive.test.spec.adminpage.AdminLoginTest"/>
</testsuite> <!-- co.rchive.test.spec.adminpage.AdminLoginTest -->
