<?xml version="1.0" encoding="UTF-8"?>
<!-- Generated by org.testng.reporters.JUnitReportReporter -->
<testsuite hostname="ThinkPad-PC" name="co.rchive.test.spec.verifyemails.VerifySmartShareEmailLinkTest" tests="1" failures="0" timestamp="15 Jun 2017 10:24:41 GMT" time="31.916" errors="0">
  <testcase name="verifySmartShareLink" time="31.916" classname="co.rchive.test.spec.verifyemails.VerifySmartShareEmailLinkTest"/>
</testsuite> <!-- co.rchive.test.spec.verifyemails.VerifySmartShareEmailLinkTest -->
