<?xml version="1.0" encoding="UTF-8"?>
<!-- Generated by org.testng.reporters.JUnitReportReporter -->
<testsuite hostname="ThinkPad-PC" name="co.rchive.test.spec.verifyemails.VerifySignUpEmailLinkTest" tests="1" failures="0" timestamp="15 Jun 2017 10:24:41 GMT" time="24.439" errors="0">
  <testcase name="verifyEmailforSignUp" time="24.439" classname="co.rchive.test.spec.verifyemails.VerifySignUpEmailLinkTest"/>
</testsuite> <!-- co.rchive.test.spec.verifyemails.VerifySignUpEmailLinkTest -->
